<?xml version="1.0" encoding="UTF-8"?>
<testsuite xmlns:xsi="http://www.w3.org/2001/XMLSchema-instance" xsi:noNamespaceSchemaLocation="https://maven.apache.org/surefire/maven-surefire-plugin/xsd/surefire-test-report.xsd" name="com.example.AppTest" time="0.118" tests="1" errors="0" skipped="0" failures="0">
  <properties>
    <property name="java.specification.version" value="21"/>
    <property name="sun.jnu.encoding" value="UTF-8"/>
    <property name="java.class.path" value="/home/adrianarimany/Documents/UVG/Year_2/Algs_Data-Structure/Assigments/Hoja_trabajo_1/app/target/test-classes:/home/adrianarimany/Documents/UVG/Year_2/Algs_Data-Structure/Assigments/Hoja_trabajo_1/app/target/classes:/home/adrianarimany/.m2/repository/com/google/code/gson/gson/2.11.0/gson-2.11.0.jar:/home/adrianarimany/.m2/repository/com/google/errorprone/error_prone_annotations/2.27.0/error_prone_annotations-2.27.0.jar:/home/adrianarimany/.m2/repository/junit/junit/4.11/junit-4.11.jar:/home/adrianarimany/.m2/repository/org/hamcrest/hamcrest-core/1.3/hamcrest-core-1.3.jar:"/>
    <property name="java.vm.vendor" value="Ubuntu"/>
    <property name="sun.arch.data.model" value="64"/>
    <property name="java.vendor.url" value="https://ubuntu.com/"/>
    <property name="os.name" value="Linux"/>
    <property name="java.vm.specification.version" value="21"/>
    <property name="user.country" value="US"/>
    <property name="sun.java.launcher" value="SUN_STANDARD"/>
    <property name="sun.boot.library.path" value="/usr/lib/jvm/java-21-openjdk-amd64/lib"/>
    <property name="sun.java.command" value="/home/adrianarimany/Documents/UVG/Year_2/Algs_Data-Structure/Assigments/Hoja_trabajo_1/app/target/surefire/surefirebooter14345440634693851128.jar /home/adrianarimany/Documents/UVG/Year_2/Algs_Data-Structure/Assigments/Hoja_trabajo_1/app/target/surefire 2025-01-27T11-07-04_290-jvmRun1 surefire18210212164538518515tmp surefire_01838016545564165412tmp"/>
    <property name="jdk.debug" value="release"/>
    <property name="test" value="com.example.AppTest#testVaciar"/>
    <property name="surefire.test.class.path" value="/home/adrianarimany/Documents/UVG/Year_2/Algs_Data-Structure/Assigments/Hoja_trabajo_1/app/target/test-classes:/home/adrianarimany/Documents/UVG/Year_2/Algs_Data-Structure/Assigments/Hoja_trabajo_1/app/target/classes:/home/adrianarimany/.m2/repository/com/google/code/gson/gson/2.11.0/gson-2.11.0.jar:/home/adrianarimany/.m2/repository/com/google/errorprone/error_prone_annotations/2.27.0/error_prone_annotations-2.27.0.jar:/home/adrianarimany/.m2/repository/junit/junit/4.11/junit-4.11.jar:/home/adrianarimany/.m2/repository/org/hamcrest/hamcrest-core/1.3/hamcrest-core-1.3.jar:"/>
    <property name="sun.cpu.endian" value="little"/>
    <property name="user.home" value="/home/adrianarimany"/>
    <property name="user.language" value="en"/>
    <property name="java.specification.vendor" value="Oracle Corporation"/>
    <property name="java.version.date" value="2024-10-15"/>
    <property name="java.home" value="/usr/lib/jvm/java-21-openjdk-amd64"/>
    <property name="file.separator" value="/"/>
    <property name="basedir" value="/home/adrianarimany/Documents/UVG/Year_2/Algs_Data-Structure/Assigments/Hoja_trabajo_1/app"/>
    <property name="java.vm.compressedOopsMode" value="Zero based"/>
    <property name="line.separator" value="&#10;"/>
    <property name="java.specification.name" value="Java Platform API Specification"/>
    <property name="java.vm.specification.vendor" value="Oracle Corporation"/>
    <property name="surefire.real.class.path" value="/home/adrianarimany/Documents/UVG/Year_2/Algs_Data-Structure/Assigments/Hoja_trabajo_1/app/target/surefire/surefirebooter14345440634693851128.jar"/>
    <property name="sun.management.compiler" value="HotSpot 64-Bit Tiered Compilers"/>
    <property name="java.runtime.version" value="21.0.5+11-Ubuntu-1ubuntu124.04"/>
    <property name="user.name" value="adrianarimany"/>
    <property name="stdout.encoding" value="UTF-8"/>
    <property name="path.separator" value=":"/>
    <property name="os.version" value="6.8.0-41-generic"/>
    <property name="java.runtime.name" value="OpenJDK Runtime Environment"/>
    <property name="file.encoding" value="UTF-8"/>
    <property name="java.vm.name" value="OpenJDK 64-Bit Server VM"/>
    <property name="maven.ext.class.path" value="/home/adrianarimany/.vscode/extensions/oracle.oracle-java-23.0.1/nbcode/java/maven-nblib/netbeans-eventspy.jar"/>
    <property name="localRepository" value="/home/adrianarimany/.m2/repository"/>
    <property name="java.vendor.url.bug" value="https://bugs.launchpad.net/ubuntu/+source/openjdk-21"/>
    <property name="java.io.tmpdir" value="/tmp"/>
    <property name="java.version" value="21.0.5"/>
    <property name="user.dir" value="/home/adrianarimany/Documents/UVG/Year_2/Algs_Data-Structure/Assigments/Hoja_trabajo_1/app"/>
    <property name="os.arch" value="amd64"/>
    <property name="java.vm.specification.name" value="Java Virtual Machine Specification"/>
    <property name="native.encoding" value="UTF-8"/>
    <property name="java.library.path" value="/usr/java/packages/lib:/usr/lib/x86_64-linux-gnu/jni:/lib/x86_64-linux-gnu:/usr/lib/x86_64-linux-gnu:/usr/lib/jni:/lib:/usr/lib"/>
    <property name="java.vm.info" value="mixed mode, sharing"/>
    <property name="stderr.encoding" value="UTF-8"/>
    <property name="java.vendor" value="Ubuntu"/>
    <property name="java.vm.version" value="21.0.5+11-Ubuntu-1ubuntu124.04"/>
    <property name="sun.io.unicode.encoding" value="UnicodeLittle"/>
    <property name="java.class.version" value="65.0"/>
  </properties>
  <testcase name="testVaciar" classname="com.example.AppTest" time="0.084"/>
</testsuite>