<?xml version="1.0" encoding="UTF-8"?>
<testsuite xmlns:xsi="http://www.w3.org/2001/XMLSchema-instance" xsi:noNamespaceSchemaLocation="https://maven.apache.org/surefire/maven-surefire-plugin/xsd/surefire-test-report.xsd" name="com.example.RadixSortProfilerTest" time="0.037" tests="7" errors="0" skipped="0" failures="2">
  <properties>
    <property name="java.specification.version" value="21"/>
    <property name="sun.jnu.encoding" value="UTF-8"/>
    <property name="java.class.path" value="/home/adrianarimany/Documents/UVG/Year_2/Algs_Data-Structure/Assigments/Hoja_trabajo_1/hojatrabajo3/hojatrabajo3/target/test-classes:/home/adrianarimany/Documents/UVG/Year_2/Algs_Data-Structure/Assigments/Hoja_trabajo_1/hojatrabajo3/hojatrabajo3/target/classes:/home/adrianarimany/.m2/repository/junit/junit/4.11/junit-4.11.jar:/home/adrianarimany/.m2/repository/org/hamcrest/hamcrest-core/1.3/hamcrest-core-1.3.jar:"/>
    <property name="java.vm.vendor" value="Ubuntu"/>
    <property name="sun.arch.data.model" value="64"/>
    <property name="java.vendor.url" value="https://ubuntu.com/"/>
    <property name="os.name" value="Linux"/>
    <property name="java.vm.specification.version" value="21"/>
    <property name="user.country" value="US"/>
    <property name="sun.java.launcher" value="SUN_STANDARD"/>
    <property name="sun.boot.library.path" value="/usr/lib/jvm/java-21-openjdk-amd64/lib"/>
    <property name="sun.java.command" value="/home/adrianarimany/Documents/UVG/Year_2/Algs_Data-Structure/Assigments/Hoja_trabajo_1/hojatrabajo3/hojatrabajo3/target/surefire/surefirebooter11866877020395506479.jar /home/adrianarimany/Documents/UVG/Year_2/Algs_Data-Structure/Assigments/Hoja_trabajo_1/hojatrabajo3/hojatrabajo3/target/surefire 2025-02-10T00-54-08_137-jvmRun1 surefire13835502471803874007tmp surefire_09674932150068447831tmp"/>
    <property name="jdk.debug" value="release"/>
    <property name="test" value="com.example.RadixSortProfilerTest"/>
    <property name="surefire.test.class.path" value="/home/adrianarimany/Documents/UVG/Year_2/Algs_Data-Structure/Assigments/Hoja_trabajo_1/hojatrabajo3/hojatrabajo3/target/test-classes:/home/adrianarimany/Documents/UVG/Year_2/Algs_Data-Structure/Assigments/Hoja_trabajo_1/hojatrabajo3/hojatrabajo3/target/classes:/home/adrianarimany/.m2/repository/junit/junit/4.11/junit-4.11.jar:/home/adrianarimany/.m2/repository/org/hamcrest/hamcrest-core/1.3/hamcrest-core-1.3.jar:"/>
    <property name="sun.cpu.endian" value="little"/>
    <property name="user.home" value="/home/adrianarimany"/>
    <property name="user.language" value="en"/>
    <property name="java.specification.vendor" value="Oracle Corporation"/>
    <property name="java.version.date" value="2025-01-21"/>
    <property name="java.home" value="/usr/lib/jvm/java-21-openjdk-amd64"/>
    <property name="file.separator" value="/"/>
    <property name="basedir" value="/home/adrianarimany/Documents/UVG/Year_2/Algs_Data-Structure/Assigments/Hoja_trabajo_1/hojatrabajo3/hojatrabajo3"/>
    <property name="java.vm.compressedOopsMode" value="Zero based"/>
    <property name="line.separator" value="&#10;"/>
    <property name="java.specification.name" value="Java Platform API Specification"/>
    <property name="java.vm.specification.vendor" value="Oracle Corporation"/>
    <property name="surefire.real.class.path" value="/home/adrianarimany/Documents/UVG/Year_2/Algs_Data-Structure/Assigments/Hoja_trabajo_1/hojatrabajo3/hojatrabajo3/target/surefire/surefirebooter11866877020395506479.jar"/>
    <property name="sun.management.compiler" value="HotSpot 64-Bit Tiered Compilers"/>
    <property name="java.runtime.version" value="21.0.6+7-Ubuntu-124.04.1"/>
    <property name="user.name" value="adrianarimany"/>
    <property name="stdout.encoding" value="UTF-8"/>
    <property name="path.separator" value=":"/>
    <property name="os.version" value="6.8.0-41-generic"/>
    <property name="java.runtime.name" value="OpenJDK Runtime Environment"/>
    <property name="file.encoding" value="UTF-8"/>
    <property name="java.vm.name" value="OpenJDK 64-Bit Server VM"/>
    <property name="maven.ext.class.path" value="/home/adrianarimany/.vscode/extensions/oracle.oracle-java-23.0.1/nbcode/java/maven-nblib/netbeans-eventspy.jar"/>
    <property name="localRepository" value="/home/adrianarimany/.m2/repository"/>
    <property name="java.vendor.url.bug" value="https://bugs.launchpad.net/ubuntu/+source/openjdk-21"/>
    <property name="java.io.tmpdir" value="/tmp"/>
    <property name="java.version" value="21.0.6"/>
    <property name="user.dir" value="/home/adrianarimany/Documents/UVG/Year_2/Algs_Data-Structure/Assigments/Hoja_trabajo_1/hojatrabajo3/hojatrabajo3"/>
    <property name="os.arch" value="amd64"/>
    <property name="java.vm.specification.name" value="Java Virtual Machine Specification"/>
    <property name="native.encoding" value="UTF-8"/>
    <property name="java.library.path" value="/usr/java/packages/lib:/usr/lib/x86_64-linux-gnu/jni:/lib/x86_64-linux-gnu:/usr/lib/x86_64-linux-gnu:/usr/lib/jni:/lib:/usr/lib"/>
    <property name="java.vm.info" value="mixed mode, sharing"/>
    <property name="stderr.encoding" value="UTF-8"/>
    <property name="java.vendor" value="Ubuntu"/>
    <property name="java.vm.version" value="21.0.6+7-Ubuntu-124.04.1"/>
    <property name="sun.io.unicode.encoding" value="UnicodeLittle"/>
    <property name="java.class.version" value="65.0"/>
  </properties>
  <testcase name="testCountSort_MultiElementArray_DifferentDigits" classname="com.example.RadixSortProfilerTest" time="0.009">
    <failure message="arrays first differed at element [0]; expected:&lt;2&gt; but was:&lt;170&gt;" type="org.junit.internal.ArrayComparisonFailure"><![CDATA[org.junit.internal.ArrayComparisonFailure: arrays first differed at element [0]; expected:<2> but was:<170>
	at com.example.RadixSortProfilerTest.testCountSort_MultiElementArray_DifferentDigits(RadixSortProfilerTest.java:36)
]]></failure>
  </testcase>
  <testcase name="testCountSort_LargeArray" classname="com.example.RadixSortProfilerTest" time="0">
    <failure type="java.lang.AssertionError">java.lang.AssertionError
	at com.example.RadixSortProfilerTest.testCountSort_LargeArray(RadixSortProfilerTest.java:55)
</failure>
  </testcase>
  <testcase name="testCountSort_MultiElementArray_SameDigits" classname="com.example.RadixSortProfilerTest" time="0"/>
  <testcase name="testCountSort_SingleElementArray" classname="com.example.RadixSortProfilerTest" time="0"/>
  <testcase name="testCountSort_ArrayWithNegativeNumbers" classname="com.example.RadixSortProfilerTest" time="0"/>
  <testcase name="testCountSort_EmptyArray" classname="com.example.RadixSortProfilerTest" time="0"/>
  <testcase name="testCountSort_ArrayWithZeros" classname="com.example.RadixSortProfilerTest" time="0"/>
</testsuite>